
Showing logs for build [32mcb-kubecd-environment-pr-1405-2-jl6tl-1[0m stage [32mfrom-build-pack[0m and container [32mstep-credential-initializer-xcln5[0m
{"level":"warn","ts":1586829486.0626478,"logger":"fallback-logger","caller":"logging/config.go:69","msg":"Fetch GitHub commit ID from kodata failed: \"ref: refs/heads/0.8.0-**-support-backwards-incompats\" is not a valid GitHub commit ID"}
{"level":"info","ts":1586829486.0632312,"logger":"fallback-logger","caller":"creds-init/main.go:40","msg":"Credentials initialized."}

Showing logs for build [32mcb-kubecd-environment-pr-1405-2-jl6tl-1[0m stage [32mfrom-build-pack[0m and container [32mstep-working-dir-initializer-m7nzd[0m
{"level":"warn","ts":1586829486.868594,"logger":"fallback-logger","caller":"logging/config.go:69","msg":"Fetch GitHub commit ID from kodata failed: open /var/run/ko/HEAD: no such file or directory"}
{"level":"info","ts":1586829486.8702576,"logger":"fallback-logger","caller":"bash/main.go:64","msg":"Successfully executed command \"sh -c mkdir -p /workspace/source\"; output "}

Showing logs for build [32mcb-kubecd-environment-pr-1405-2-jl6tl-1[0m stage [32mfrom-build-pack[0m and container [32mstep-place-tools[0m

Showing logs for build [32mcb-kubecd-environment-pr-1405-2-jl6tl-1[0m stage [32mfrom-build-pack[0m and container [32mstep-git-source-cb-kubecd-environment-pr-1405-2-jl6tl-8kv8k[0m
{"level":"warn","ts":1586829491.0877,"logger":"fallback-logger","caller":"logging/config.go:69","msg":"Fetch GitHub commit ID from kodata failed: \"ref: refs/heads/0.8.0-**-support-backwards-incompats\" is not a valid GitHub commit ID"}
{"level":"info","ts":1586829492.1235182,"logger":"fallback-logger","caller":"git/git.go:103","msg":"Successfully cloned https://github.com/cb-kubecd/environment-pr-1405-2-bdd-frontend-staging.git @ master in path /workspace/source"}

Showing logs for build [32mcb-kubecd-environment-pr-1405-2-jl6tl-1[0m stage [32mfrom-build-pack[0m and container [32mstep-git-merge[0m
Using SHAs from PULL_REFS=master:3f2acbe3ee18ffc9c7a5b5be231ad142dc5b0c6e,1:db9a8a13723f4402f165c9756b14269f4314ea9e
DEBUG: LC_ALL=C JX_LOG_LEVEL=error git fetch origin --unshallow db9a8a13723f4402f165c9756b14269f4314ea9e: 3f2acbe3ee18ffc9c7a5b5be231ad142dc5b0c6e:
DEBUG: ran git fetch --unshallow origin db9a8a13723f4402f165c9756b14269f4314ea9e: 3f2acbe3ee18ffc9c7a5b5be231ad142dc5b0c6e: in 
DEBUG: LC_ALL=C JX_LOG_LEVEL=error git branch
DEBUG: LC_ALL=C JX_LOG_LEVEL=error git checkout master
DEBUG: ran git checkout master in 
DEBUG: LC_ALL=C JX_LOG_LEVEL=error git reset --hard 3f2acbe3ee18ffc9c7a5b5be231ad142dc5b0c6e
DEBUG: ran git reset --hard 3f2acbe3ee18ffc9c7a5b5be231ad142dc5b0c6e in 
DEBUG: LC_ALL=C JX_LOG_LEVEL=error git clean -fd .
DEBUG: ran clean --force -d . in 
DEBUG: LC_ALL=C JX_LOG_LEVEL=error git merge db9a8a13723f4402f165c9756b14269f4314ea9e
DEBUG: ran git merge db9a8a13723f4402f165c9756b14269f4314ea9e in 
DEBUG: LC_ALL=C JX_LOG_LEVEL=error git log --format=%H%x1f%an%x1f%ae%x1f%cn%x1f%ce%x1f%s%n%b%x1e 3f2acbe3ee18ffc9c7a5b5be231ad142dc5b0c6e..HEAD
Merged SHA db9a8a13723f4402f165c9756b14269f4314ea9e with commit message 'chore: Promote bdd-nh-1586828505 to version 0.0.1' into base branch master

Showing logs for build [32mcb-kubecd-environment-pr-1405-2-jl6tl-1[0m stage [32mfrom-build-pack[0m and container [32mstep-build-helm-build[0m
WARNING: No $CHART_REPOSITORY defined so using the default value of: http://jenkins-x-chartmuseum:8080
Adding missing Helm repo: storage.googleapis.com https://storage.googleapis.com/chartmuseum.jenkins-x.io
WARNING: No secrets found on "helm/repos" due: reading the secret "helm/repos" from vault: no secret "helm/repos" not found in vault
Read credentials for https://storage.googleapis.com/chartmuseum.jenkins-x.io from vault helm/repos
Successfully added Helm repository storage.googleapis.com.
Adding missing Helm repo: jenkins-x-chartmuseum http://jenkins-x-chartmuseum:8080
WARNING: No secrets found on "helm/repos" due: reading the secret "helm/repos" from vault: no secret "helm/repos" not found in vault
Read credentials for http://jenkins-x-chartmuseum:8080 from vault helm/repos
Successfully added Helm repository jenkins-x-chartmuseum.
WARNING: No $CHART_REPOSITORY defined so using the default value of: http://jenkins-x-chartmuseum:8080
Adding missing Helm repo: chartmuseum.jenkins-x.io http://chartmuseum.jenkins-x.io
WARNING: No secrets found on "helm/repos" due: reading the secret "helm/repos" from vault: no secret "helm/repos" not found in vault
Read credentials for http://chartmuseum.jenkins-x.io from vault helm/repos
Successfully added Helm repository chartmuseum.jenkins-x.io.
